# JRE version: Java(TM) SE Runtime Environment (15.0.2+7) (build 15.0.2+7-27)
# Java VM: Java HotSpot(TM) 64-Bit Server VM (15.0.2+7-27, mixed mode, sharing, tiered, compressed oops, g1 gc, windows-amd64)
GC Precious Log:
 CPUs: 4 total, 4 available
 Memory: 12211M
 Large Page Support: Disabled
 NUMA Support: Disabled
 Compressed Oops: Enabled (Zero based)
 Heap Region Size: 2M
 Heap Min Capacity: 8M
 Heap Initial Capacity: 192M
 Heap Max Capacity: 3054M
 Pre-touch: Disabled
 Parallel Workers: 4
 Concurrent Workers: 1
 Concurrent Refinement Workers: 4
 Periodic GC: Disabled
Heap:
 garbage-first heap   total 305152K, used 179258K [0x0000000741200000, 0x0000000800000000)
  region size 2048K, 4 young (8192K), 3 survivors (6144K)
 Metaspace       used 19110K, capacity 19485K, committed 19584K, reserved 1067008K
  class space    used 2559K, capacity 2686K, committed 2688K, reserved 1048576K
GC Heap History (10 events):
Event: 2.060 GC heap before
{Heap before GC invocations=0 (full 0):
 garbage-first heap   total 196608K, used 10240K [0x0000000741200000, 0x0000000800000000)
  region size 2048K, 6 young (12288K), 0 survivors (0K)
 Metaspace       used 3777K, capacity 5674K, committed 5760K, reserved 1056768K
  class space    used 383K, capacity 564K, committed 640K, reserved 1048576K
}
Event: 2.072 GC heap after
{Heap after GC invocations=1 (full 0):
 garbage-first heap   total 196608K, used 2975K [0x0000000741200000, 0x0000000800000000)
  region size 2048K, 1 young (2048K), 1 survivors (2048K)
 Metaspace       used 3777K, capacity 5674K, committed 5760K, reserved 1056768K
  class space    used 383K, capacity 564K, committed 640K, reserved 1048576K
}
Event: 2.962 GC heap before
{Heap before GC invocations=1 (full 0):
 garbage-first heap   total 196608K, used 13215K [0x0000000741200000, 0x0000000800000000)
  region size 2048K, 6 young (12288K), 1 survivors (2048K)
 Metaspace       used 7893K, capacity 8716K, committed 8960K, reserved 1056768K
  class space    used 929K, capacity 999K, committed 1024K, reserved 1048576K
}
Event: 2.969 GC heap after
{Heap after GC invocations=2 (full 0):
 garbage-first heap   total 196608K, used 4473K [0x0000000741200000, 0x0000000800000000)
  region size 2048K, 1 young (2048K), 1 survivors (2048K)
 Metaspace       used 7893K, capacity 8716K, committed 8960K, reserved 1056768K
  class space    used 929K, capacity 999K, committed 1024K, reserved 1048576K
}
Event: 5.903 GC heap before
{Heap before GC invocations=2 (full 0):
 garbage-first heap   total 196608K, used 29049K [0x0000000741200000, 0x0000000800000000)
  region size 2048K, 12 young (24576K), 1 survivors (2048K)
 Metaspace       used 13952K, capacity 14209K, committed 14464K, reserved 1062912K
  class space    used 1815K, capacity 1904K, committed 1920K, reserved 1048576K
}
Event: 5.913 GC heap after
{Heap after GC invocations=3 (full 0):
 garbage-first heap   total 196608K, used 9695K [0x0000000741200000, 0x0000000800000000)
  region size 2048K, 2 young (4096K), 2 survivors (4096K)
 Metaspace       used 13952K, capacity 14209K, committed 14464K, reserved 1062912K
  class space    used 1815K, capacity 1904K, committed 1920K, reserved 1048576K
}
Event: 35.161 GC heap before
{Heap before GC invocations=3 (full 0):
 garbage-first heap   total 196608K, used 120287K [0x0000000741200000, 0x0000000800000000)
  region size 2048K, 22 young (45056K), 2 survivors (4096K)
 Metaspace       used 19049K, capacity 19425K, committed 19584K, reserved 1067008K
  class space    used 2553K, capacity 2675K, committed 2688K, reserved 1048576K
}
Event: 35.174 GC heap after
{Heap after GC invocations=4 (full 0):
 garbage-first heap   total 196608K, used 99181K [0x0000000741200000, 0x0000000800000000)
  region size 2048K, 7 young (14336K), 7 survivors (14336K)
 Metaspace       used 19049K, capacity 19425K, committed 19584K, reserved 1067008K
  class space    used 2553K, capacity 2675K, committed 2688K, reserved 1048576K
}
Event: 36.298 GC heap before
{Heap before GC invocations=5 (full 0):
 garbage-first heap   total 229376K, used 140141K [0x0000000741200000, 0x0000000800000000)
  region size 2048K, 11 young (22528K), 7 survivors (14336K)
 Metaspace       used 19108K, capacity 19485K, committed 19584K, reserved 1067008K
  class space    used 2559K, capacity 2686K, committed 2688K, reserved 1048576K
}
Event: 36.311 GC heap after
{Heap after GC invocations=6 (full 0):
 garbage-first heap   total 229376K, used 142394K [0x0000000741200000, 0x0000000800000000)
  region size 2048K, 3 young (6144K), 3 survivors (6144K)
 Metaspace       used 19108K, capacity 19485K, committed 19584K, reserved 1067008K
  class space    used 2559K, capacity 2686K, committed 2688K, reserved 1048576K
}

